<?xml version="1.0" encoding="UTF-8"?>
<!-- Generated by org.testng.reporters.JUnitReportReporter -->
<testsuite hostname="MacBook-Pro-de-Danna.local" failures="0" tests="4" name="mobile_testing.LoginTest" time="18.517" errors="0" timestamp="2025-01-31T01:35:46 COT" skipped="0">
  <testcase classname="mobile_testing.LoginTest" name="testLogin" time="2.880"/>
  <testcase classname="mobile_testing.LoginTest" name="testLoginContrasenaIncorrecta" time="7.493"/>
  <testcase classname="mobile_testing.LoginTest" name="testLoginEmailIncorrecto" time="5.265"/>
  <testcase classname="mobile_testing.LoginTest" name="testLoginCamposVacios" time="2.879"/>
</testsuite> <!-- mobile_testing.LoginTest -->
