<?xml version="1.0" encoding="UTF-8"?>
<!-- Generated by org.testng.reporters.JUnitReportReporter -->
<testsuite hostname="MacBook-Pro-de-Danna.local" failures="0" tests="1" name="mobile_testing.BaseTest" time="13.520" errors="0" timestamp="2025-01-30T21:41:12 COT" skipped="0">
  <testcase classname="mobile_testing.BaseTest" name="setup" time="13.520"/>
</testsuite> <!-- mobile_testing.BaseTest -->
